
*** Running vivado
    with args -log UAL.vds -m64 -product Vivado -mode batch -messageDb vivado.pb -notrace -source UAL.tcl


****** Vivado v2018.2 (64-bit)
  **** SW Build 2258646 on Thu Jun 14 20:02:38 MDT 2018
  **** IP Build 2256618 on Thu Jun 14 22:10:49 MDT 2018
    ** Copyright 1986-2018 Xilinx, Inc. All Rights Reserved.

source UAL.tcl -notrace
Command: synth_design -top UAL -part xc7a35tcpg236-1
Starting synth_design
Attempting to get a license for feature 'Synthesis' and/or device 'xc7a35t'
INFO: [Common 17-349] Got license for feature 'Synthesis' and/or device 'xc7a35t'
INFO: Launching helper process for spawning children vivado processes
INFO: Helper process launched with PID 50954 
---------------------------------------------------------------------------------
Starting Synthesize : Time (s): cpu = 00:00:01 ; elapsed = 00:00:02 . Memory (MB): peak = 1255.277 ; gain = 83.828 ; free physical = 57482 ; free virtual = 70005
---------------------------------------------------------------------------------
INFO: [Synth 8-638] synthesizing module 'UAL' [/home/alaverdo/Bureau/4IR/ProjSystInfo/ProjetSystemeInfo/Microproc/project_1/project_1.srcs/sources_1/new/UAL.vhd:47]
ERROR: [Synth 8-690] width mismatch in assignment; target has 32 bits, source has 24 bits [/home/alaverdo/Bureau/4IR/ProjSystInfo/ProjetSystemeInfo/Microproc/project_1/project_1.srcs/sources_1/new/UAL.vhd:54]
ERROR: [Synth 8-285] failed synthesizing module 'UAL' [/home/alaverdo/Bureau/4IR/ProjSystInfo/ProjetSystemeInfo/Microproc/project_1/project_1.srcs/sources_1/new/UAL.vhd:47]
---------------------------------------------------------------------------------
Finished Synthesize : Time (s): cpu = 00:00:02 ; elapsed = 00:00:03 . Memory (MB): peak = 1299.902 ; gain = 128.453 ; free physical = 57502 ; free virtual = 70018
---------------------------------------------------------------------------------
synthesize failed
INFO: [Common 17-83] Releasing license: Synthesis
3 Infos, 0 Warnings, 0 Critical Warnings and 3 Errors encountered.
synth_design failed
ERROR: [Common 17-69] Command failed: Vivado Synthesis failed
INFO: [Common 17-206] Exiting Vivado at Fri Apr  8 12:08:11 2022...
